<?xml version="1.0" encoding="UTF-8"?>
<!-- Generated by org.testng.reporters.JUnitXMLReporter -->
<testsuite hostname="Sekhar-PC" name="CHTst" tests="4" failures="1" timestamp="20 Nov 2019 13:06:44 GMT" time="60.824" errors="0">
  <testcase name="step1" time="1.208" classname="TestCases.TC1"/>
  <testcase name="step1" time="0.003" classname="TestCases.TC2">
    <skipped/>
  </testcase> <!-- step1 -->
  <testcase name="step1" time="0.003" classname="TestCases.TC2">
    <skipped/>
  </testcase> <!-- step1 -->
  <testcase name="step1" time="0.001" classname="TestCases.TC2">
    <failure type="java.lang.AssertionError" message="expected [false] but found [true]">
      <![CDATA[java.lang.AssertionError: expected [false] but found [true]
	at TestCases.TC2.step1(TC2.java:19)
... Removed 30 stack frames]]>
    </failure>
  </testcase> <!-- step1 -->
</testsuite> <!-- CHTst -->
